2019-03-13 14:48:42.213 -ERROR  [nio-8080-exec-5] o.t.TemplateEngine             : [THYMELEAF][http-nio-8080-exec-5] Exception processing template "goalSetting": An error happened during template parsing (template: "class path resource [templates/goalSetting.html]" - line 111, col 41)
org.thymeleaf.exceptions.TemplateInputException: An error happened during template parsing (template: "class path resource [templates/goalSetting.html]" - line 111, col 41)
	at org.thymeleaf.templateparser.markup.AbstractMarkupTemplateParser.parse(AbstractMarkupTemplateParser.java:239) ~[thymeleaf-3.0.2.RELEASE.jar:3.0.2.RELEASE]
	at org.thymeleaf.templateparser.markup.AbstractMarkupTemplateParser.parseStandalone(AbstractMarkupTemplateParser.java:100) ~[thymeleaf-3.0.2.RELEASE.jar:3.0.2.RELEASE]
	at org.thymeleaf.engine.TemplateManager.parseAndProcess(TemplateManager.java:667) ~[thymeleaf-3.0.2.RELEASE.jar:3.0.2.RELEASE]
	at org.thymeleaf.TemplateEngine.process(TemplateEngine.java:1087) [thymeleaf-3.0.2.RELEASE.jar:3.0.2.RELEASE]
	at org.thymeleaf.TemplateEngine.process(TemplateEngine.java:1061) [thymeleaf-3.0.2.RELEASE.jar:3.0.2.RELEASE]
	at org.thymeleaf.spring4.view.ThymeleafView.renderFragment(ThymeleafView.java:335) [thymeleaf-spring4-3.0.2.RELEASE.jar:3.0.2.RELEASE]
	at org.thymeleaf.spring4.view.ThymeleafView.render(ThymeleafView.java:189) [thymeleaf-spring4-3.0.2.RELEASE.jar:3.0.2.RELEASE]
	at org.springframework.web.servlet.DispatcherServlet.render(DispatcherServlet.java:1286) [spring-webmvc-4.3.16.RELEASE.jar:4.3.16.RELEASE]
	at org.springframework.web.servlet.DispatcherServlet.processDispatchResult(DispatcherServlet.java:1041) [spring-webmvc-4.3.16.RELEASE.jar:4.3.16.RELEASE]
	at org.springframework.web.servlet.DispatcherServlet.doDispatch(DispatcherServlet.java:984) [spring-webmvc-4.3.16.RELEASE.jar:4.3.16.RELEASE]
	at org.springframework.web.servlet.DispatcherServlet.doService(DispatcherServlet.java:901) [spring-webmvc-4.3.16.RELEASE.jar:4.3.16.RELEASE]
	at org.springframework.web.servlet.FrameworkServlet.processRequest(FrameworkServlet.java:970) [spring-webmvc-4.3.16.RELEASE.jar:4.3.16.RELEASE]
	at org.springframework.web.servlet.FrameworkServlet.doGet(FrameworkServlet.java:861) [spring-webmvc-4.3.16.RELEASE.jar:4.3.16.RELEASE]
	at javax.servlet.http.HttpServlet.service(HttpServlet.java:635) [tomcat-embed-core-8.5.29.jar:8.5.29]
	at org.springframework.web.servlet.FrameworkServlet.service(FrameworkServlet.java:846) [spring-webmvc-4.3.16.RELEASE.jar:4.3.16.RELEASE]
	at javax.servlet.http.HttpServlet.service(HttpServlet.java:742) [tomcat-embed-core-8.5.29.jar:8.5.29]
	at org.apache.catalina.core.ApplicationFilterChain.internalDoFilter(ApplicationFilterChain.java:231) [tomcat-embed-core-8.5.29.jar:8.5.29]
	at org.apache.catalina.core.ApplicationFilterChain.doFilter(ApplicationFilterChain.java:166) [tomcat-embed-core-8.5.29.jar:8.5.29]
	at org.apache.tomcat.websocket.server.WsFilter.doFilter(WsFilter.java:52) [tomcat-embed-websocket-8.5.29.jar:8.5.29]
	at org.apache.catalina.core.ApplicationFilterChain.internalDoFilter(ApplicationFilterChain.java:193) [tomcat-embed-core-8.5.29.jar:8.5.29]
	at org.apache.catalina.core.ApplicationFilterChain.doFilter(ApplicationFilterChain.java:166) [tomcat-embed-core-8.5.29.jar:8.5.29]
	at org.springframework.web.filter.RequestContextFilter.doFilterInternal(RequestContextFilter.java:99) [spring-web-4.3.16.RELEASE.jar:4.3.16.RELEASE]
	at org.springframework.web.filter.OncePerRequestFilter.doFilter(OncePerRequestFilter.java:107) [spring-web-4.3.16.RELEASE.jar:4.3.16.RELEASE]
	at org.apache.catalina.core.ApplicationFilterChain.internalDoFilter(ApplicationFilterChain.java:193) [tomcat-embed-core-8.5.29.jar:8.5.29]
	at org.apache.catalina.core.ApplicationFilterChain.doFilter(ApplicationFilterChain.java:166) [tomcat-embed-core-8.5.29.jar:8.5.29]
	at org.springframework.web.filter.HttpPutFormContentFilter.doFilterInternal(HttpPutFormContentFilter.java:109) [spring-web-4.3.16.RELEASE.jar:4.3.16.RELEASE]
	at org.springframework.web.filter.OncePerRequestFilter.doFilter(OncePerRequestFilter.java:107) [spring-web-4.3.16.RELEASE.jar:4.3.16.RELEASE]
	at org.apache.catalina.core.ApplicationFilterChain.internalDoFilter(ApplicationFilterChain.java:193) [tomcat-embed-core-8.5.29.jar:8.5.29]
	at org.apache.catalina.core.ApplicationFilterChain.doFilter(ApplicationFilterChain.java:166) [tomcat-embed-core-8.5.29.jar:8.5.29]
	at org.springframework.web.filter.HiddenHttpMethodFilter.doFilterInternal(HiddenHttpMethodFilter.java:81) [spring-web-4.3.16.RELEASE.jar:4.3.16.RELEASE]
	at org.springframework.web.filter.OncePerRequestFilter.doFilter(OncePerRequestFilter.java:107) [spring-web-4.3.16.RELEASE.jar:4.3.16.RELEASE]
	at org.apache.catalina.core.ApplicationFilterChain.internalDoFilter(ApplicationFilterChain.java:193) [tomcat-embed-core-8.5.29.jar:8.5.29]
	at org.apache.catalina.core.ApplicationFilterChain.doFilter(ApplicationFilterChain.java:166) [tomcat-embed-core-8.5.29.jar:8.5.29]
	at org.springframework.web.filter.CharacterEncodingFilter.doFilterInternal(CharacterEncodingFilter.java:197) [spring-web-4.3.16.RELEASE.jar:4.3.16.RELEASE]
	at org.springframework.web.filter.OncePerRequestFilter.doFilter(OncePerRequestFilter.java:107) [spring-web-4.3.16.RELEASE.jar:4.3.16.RELEASE]
	at org.apache.catalina.core.ApplicationFilterChain.internalDoFilter(ApplicationFilterChain.java:193) [tomcat-embed-core-8.5.29.jar:8.5.29]
	at org.apache.catalina.core.ApplicationFilterChain.doFilter(ApplicationFilterChain.java:166) [tomcat-embed-core-8.5.29.jar:8.5.29]
	at org.apache.catalina.core.StandardWrapperValve.invoke(StandardWrapperValve.java:198) [tomcat-embed-core-8.5.29.jar:8.5.29]
	at org.apache.catalina.core.StandardContextValve.invoke(StandardContextValve.java:96) [tomcat-embed-core-8.5.29.jar:8.5.29]
	at org.apache.catalina.authenticator.AuthenticatorBase.invoke(AuthenticatorBase.java:496) [tomcat-embed-core-8.5.29.jar:8.5.29]
	at org.apache.catalina.core.StandardHostValve.invoke(StandardHostValve.java:140) [tomcat-embed-core-8.5.29.jar:8.5.29]
	at org.apache.catalina.valves.ErrorReportValve.invoke(ErrorReportValve.java:81) [tomcat-embed-core-8.5.29.jar:8.5.29]
	at org.apache.catalina.core.StandardEngineValve.invoke(StandardEngineValve.java:87) [tomcat-embed-core-8.5.29.jar:8.5.29]
	at org.apache.catalina.connector.CoyoteAdapter.service(CoyoteAdapter.java:342) [tomcat-embed-core-8.5.29.jar:8.5.29]
	at org.apache.coyote.http11.Http11Processor.service(Http11Processor.java:803) [tomcat-embed-core-8.5.29.jar:8.5.29]
	at org.apache.coyote.AbstractProcessorLight.process(AbstractProcessorLight.java:66) [tomcat-embed-core-8.5.29.jar:8.5.29]
	at org.apache.coyote.AbstractProtocol$ConnectionHandler.process(AbstractProtocol.java:790) [tomcat-embed-core-8.5.29.jar:8.5.29]
	at org.apache.tomcat.util.net.NioEndpoint$SocketProcessor.doRun(NioEndpoint.java:1459) [tomcat-embed-core-8.5.29.jar:8.5.29]
	at org.apache.tomcat.util.net.SocketProcessorBase.run(SocketProcessorBase.java:49) [tomcat-embed-core-8.5.29.jar:8.5.29]
	at java.util.concurrent.ThreadPoolExecutor.runWorker(ThreadPoolExecutor.java:1149) [?:1.8.0_144]
	at java.util.concurrent.ThreadPoolExecutor$Worker.run(ThreadPoolExecutor.java:624) [?:1.8.0_144]
	at org.apache.tomcat.util.threads.TaskThread$WrappingRunnable.run(TaskThread.java:61) [tomcat-embed-core-8.5.29.jar:8.5.29]
	at java.lang.Thread.run(Thread.java:748) [?:1.8.0_144]
Caused by: org.attoparser.ParseException: (Line = 111, Column = 41) Incomplete structure: "<input type='text' class="form-control" name="date" id="date0"th:value="${stugoals.date}/>
                                        <span class="input-group-addon">
                                        <span class="glyphicon glyphicon-calendar"></span>
                                        </span>
                                    </div>
                                    <td>
                                    <td><input th:value="${stugoals.words}"><td>
                                    <td><a data-toggle="modal" data-target="#updategoal" href="" >修改</a></td>
                                    <td><a>删除</a></td>
                                </tr>
                            </div>
                        </div>
                        </tbody>
                    </table>
                    <button  data-toggle="modal" data-target="#goalModal"  class="button center-block" >添加目标计划</button>
                </div>
            </div>
        </div>
    </div>
</div>
<div id="upd">
</div>
<div class="modal fade" id="goalModal" tabindex="-1" role="dialog" aria-labelledby="myModalLabel">
    <div class="modal-dialog" role="document">
        <div class="modal-content">
            <div class="modal-header">
                <button type="button" class="close" data-dismiss="modal" aria-label="Close"><span aria-hidden="true">&times;</span>
                </button>
                <h4 class="modal-title" id="myModalLabel">添加目标计划</h4>
            </div>
            <div class="modal-body">
                <form th:action="@{/subGoals}" method="post" id="form-register">
                    <div class="form" id="alerttest">
                        <div class="alert alert-danger" th:if="${registerjudge}" >
                            <a href="#" class="close" data-dismiss="alert">&times;</a>
                            <strong></strong>
                        </div>
                    </div>
                    <label for="chapter">论文章节</label>
                    <select id="chapter" class="form-control" name="chapter">
                        <option>摘要</option>
                        <option>引言</option>
                        <option>相关研究</option>
                        <option>研究主体</option>
                        <option>研究方法</option>
                        <option>研究结果</option>
                        <option>讨论</option>
                        <option>结论</option>
                        <option>参考文献</option>
                    </select>
                    <label for="date">完成日期</label>
                    <div class='input-group date' data-date-format="dd MM yyyy" id='datetimepicker1'>
                        <input type='text' class="form-control" name="date" id="date"/>
                        <span class="input-group-addon">
                            <span class="glyphicon glyphicon-calendar"></span>
                        </span>
                    </div>
                    <label for="wordnum">完成字数</label>
                    <input type="text" id="wordnum" name="wordnum" class="form-control" placeholder="完成字数"
                           required data-bv-notempty-message="字数不为空">
                    <div class="modal-footer">
                        <input type="submit" id="subscribe"  class="button" onclick="checkradio()">
                    </div>
                </form>
            </div>
        </div>
    </div>
</div>
<footer>
    <div th:replace="footer :: footer"></div>
</footer>
<script src="../bootstrap/js/goalSeeting.js" ></script>
<script src="../bootstrap/js/jquery.singlePageNav.min.js"></script>
<script>
</script>
</body>
</html>"
	at org.attoparser.MarkupParser.parseDocument(MarkupParser.java:366) ~[attoparser-2.0.1.RELEASE.jar:2.0.1.RELEASE]
	at org.attoparser.MarkupParser.parse(MarkupParser.java:257) ~[attoparser-2.0.1.RELEASE.jar:2.0.1.RELEASE]
	at org.thymeleaf.templateparser.markup.AbstractMarkupTemplateParser.parse(AbstractMarkupTemplateParser.java:230) ~[thymeleaf-3.0.2.RELEASE.jar:3.0.2.RELEASE]
	... 52 more
2019-03-13 14:48:42.860 -ERROR  [nio-8080-exec-5] o.a.j.l.DirectJDKLog           : Servlet.service() for servlet [dispatcherServlet] in context with path [] threw exception [Request processing failed; nested exception is org.thymeleaf.exceptions.TemplateInputException: An error happened during template parsing (template: "class path resource [templates/goalSetting.html]" - line 111, col 41)] with root cause
org.attoparser.ParseException: (Line = 111, Column = 41) Incomplete structure: "<input type='text' class="form-control" name="date" id="date0"th:value="${stugoals.date}/>
                                        <span class="input-group-addon">
                                        <span class="glyphicon glyphicon-calendar"></span>
                                        </span>
                                    </div>
                                    <td>
                                    <td><input th:value="${stugoals.words}"><td>
                                    <td><a data-toggle="modal" data-target="#updategoal" href="" >修改</a></td>
                                    <td><a>删除</a></td>
                                </tr>
                            </div>
                        </div>
                        </tbody>
                    </table>
                    <button  data-toggle="modal" data-target="#goalModal"  class="button center-block" >添加目标计划</button>
                </div>
            </div>
        </div>
    </div>
</div>
<div id="upd">
</div>
<div class="modal fade" id="goalModal" tabindex="-1" role="dialog" aria-labelledby="myModalLabel">
    <div class="modal-dialog" role="document">
        <div class="modal-content">
            <div class="modal-header">
                <button type="button" class="close" data-dismiss="modal" aria-label="Close"><span aria-hidden="true">&times;</span>
                </button>
                <h4 class="modal-title" id="myModalLabel">添加目标计划</h4>
            </div>
            <div class="modal-body">
                <form th:action="@{/subGoals}" method="post" id="form-register">
                    <div class="form" id="alerttest">
                        <div class="alert alert-danger" th:if="${registerjudge}" >
                            <a href="#" class="close" data-dismiss="alert">&times;</a>
                            <strong></strong>
                        </div>
                    </div>
                    <label for="chapter">论文章节</label>
                    <select id="chapter" class="form-control" name="chapter">
                        <option>摘要</option>
                        <option>引言</option>
                        <option>相关研究</option>
                        <option>研究主体</option>
                        <option>研究方法</option>
                        <option>研究结果</option>
                        <option>讨论</option>
                        <option>结论</option>
                        <option>参考文献</option>
                    </select>
                    <label for="date">完成日期</label>
                    <div class='input-group date' data-date-format="dd MM yyyy" id='datetimepicker1'>
                        <input type='text' class="form-control" name="date" id="date"/>
                        <span class="input-group-addon">
                            <span class="glyphicon glyphicon-calendar"></span>
                        </span>
                    </div>
                    <label for="wordnum">完成字数</label>
                    <input type="text" id="wordnum" name="wordnum" class="form-control" placeholder="完成字数"
                           required data-bv-notempty-message="字数不为空">
                    <div class="modal-footer">
                        <input type="submit" id="subscribe"  class="button" onclick="checkradio()">
                    </div>
                </form>
            </div>
        </div>
    </div>
</div>
<footer>
    <div th:replace="footer :: footer"></div>
</footer>
<script src="../bootstrap/js/goalSeeting.js" ></script>
<script src="../bootstrap/js/jquery.singlePageNav.min.js"></script>
<script>
</script>
</body>
</html>"
	at org.attoparser.MarkupParser.parseDocument(MarkupParser.java:366) ~[attoparser-2.0.1.RELEASE.jar:2.0.1.RELEASE]
	at org.attoparser.MarkupParser.parse(MarkupParser.java:257) ~[attoparser-2.0.1.RELEASE.jar:2.0.1.RELEASE]
	at org.thymeleaf.templateparser.markup.AbstractMarkupTemplateParser.parse(AbstractMarkupTemplateParser.java:230) ~[thymeleaf-3.0.2.RELEASE.jar:3.0.2.RELEASE]
	at org.thymeleaf.templateparser.markup.AbstractMarkupTemplateParser.parseStandalone(AbstractMarkupTemplateParser.java:100) ~[thymeleaf-3.0.2.RELEASE.jar:3.0.2.RELEASE]
	at org.thymeleaf.engine.TemplateManager.parseAndProcess(TemplateManager.java:667) ~[thymeleaf-3.0.2.RELEASE.jar:3.0.2.RELEASE]
	at org.thymeleaf.TemplateEngine.process(TemplateEngine.java:1087) ~[thymeleaf-3.0.2.RELEASE.jar:3.0.2.RELEASE]
	at org.thymeleaf.TemplateEngine.process(TemplateEngine.java:1061) ~[thymeleaf-3.0.2.RELEASE.jar:3.0.2.RELEASE]
	at org.thymeleaf.spring4.view.ThymeleafView.renderFragment(ThymeleafView.java:335) ~[thymeleaf-spring4-3.0.2.RELEASE.jar:3.0.2.RELEASE]
	at org.thymeleaf.spring4.view.ThymeleafView.render(ThymeleafView.java:189) ~[thymeleaf-spring4-3.0.2.RELEASE.jar:3.0.2.RELEASE]
	at org.springframework.web.servlet.DispatcherServlet.render(DispatcherServlet.java:1286) ~[spring-webmvc-4.3.16.RELEASE.jar:4.3.16.RELEASE]
	at org.springframework.web.servlet.DispatcherServlet.processDispatchResult(DispatcherServlet.java:1041) ~[spring-webmvc-4.3.16.RELEASE.jar:4.3.16.RELEASE]
	at org.springframework.web.servlet.DispatcherServlet.doDispatch(DispatcherServlet.java:984) ~[spring-webmvc-4.3.16.RELEASE.jar:4.3.16.RELEASE]
	at org.springframework.web.servlet.DispatcherServlet.doService(DispatcherServlet.java:901) ~[spring-webmvc-4.3.16.RELEASE.jar:4.3.16.RELEASE]
	at org.springframework.web.servlet.FrameworkServlet.processRequest(FrameworkServlet.java:970) ~[spring-webmvc-4.3.16.RELEASE.jar:4.3.16.RELEASE]
	at org.springframework.web.servlet.FrameworkServlet.doGet(FrameworkServlet.java:861) ~[spring-webmvc-4.3.16.RELEASE.jar:4.3.16.RELEASE]
	at javax.servlet.http.HttpServlet.service(HttpServlet.java:635) ~[tomcat-embed-core-8.5.29.jar:8.5.29]
	at org.springframework.web.servlet.FrameworkServlet.service(FrameworkServlet.java:846) ~[spring-webmvc-4.3.16.RELEASE.jar:4.3.16.RELEASE]
	at javax.servlet.http.HttpServlet.service(HttpServlet.java:742) ~[tomcat-embed-core-8.5.29.jar:8.5.29]
	at org.apache.catalina.core.ApplicationFilterChain.internalDoFilter(ApplicationFilterChain.java:231) ~[tomcat-embed-core-8.5.29.jar:8.5.29]
	at org.apache.catalina.core.ApplicationFilterChain.doFilter(ApplicationFilterChain.java:166) ~[tomcat-embed-core-8.5.29.jar:8.5.29]
	at org.apache.tomcat.websocket.server.WsFilter.doFilter(WsFilter.java:52) ~[tomcat-embed-websocket-8.5.29.jar:8.5.29]
	at org.apache.catalina.core.ApplicationFilterChain.internalDoFilter(ApplicationFilterChain.java:193) ~[tomcat-embed-core-8.5.29.jar:8.5.29]
	at org.apache.catalina.core.ApplicationFilterChain.doFilter(ApplicationFilterChain.java:166) ~[tomcat-embed-core-8.5.29.jar:8.5.29]
	at org.springframework.web.filter.RequestContextFilter.doFilterInternal(RequestContextFilter.java:99) ~[spring-web-4.3.16.RELEASE.jar:4.3.16.RELEASE]
	at org.springframework.web.filter.OncePerRequestFilter.doFilter(OncePerRequestFilter.java:107) ~[spring-web-4.3.16.RELEASE.jar:4.3.16.RELEASE]
	at org.apache.catalina.core.ApplicationFilterChain.internalDoFilter(ApplicationFilterChain.java:193) ~[tomcat-embed-core-8.5.29.jar:8.5.29]
	at org.apache.catalina.core.ApplicationFilterChain.doFilter(ApplicationFilterChain.java:166) ~[tomcat-embed-core-8.5.29.jar:8.5.29]
	at org.springframework.web.filter.HttpPutFormContentFilter.doFilterInternal(HttpPutFormContentFilter.java:109) ~[spring-web-4.3.16.RELEASE.jar:4.3.16.RELEASE]
	at org.springframework.web.filter.OncePerRequestFilter.doFilter(OncePerRequestFilter.java:107) ~[spring-web-4.3.16.RELEASE.jar:4.3.16.RELEASE]
	at org.apache.catalina.core.ApplicationFilterChain.internalDoFilter(ApplicationFilterChain.java:193) ~[tomcat-embed-core-8.5.29.jar:8.5.29]
	at org.apache.catalina.core.ApplicationFilterChain.doFilter(ApplicationFilterChain.java:166) ~[tomcat-embed-core-8.5.29.jar:8.5.29]
	at org.springframework.web.filter.HiddenHttpMethodFilter.doFilterInternal(HiddenHttpMethodFilter.java:81) ~[spring-web-4.3.16.RELEASE.jar:4.3.16.RELEASE]
	at org.springframework.web.filter.OncePerRequestFilter.doFilter(OncePerRequestFilter.java:107) ~[spring-web-4.3.16.RELEASE.jar:4.3.16.RELEASE]
	at org.apache.catalina.core.ApplicationFilterChain.internalDoFilter(ApplicationFilterChain.java:193) ~[tomcat-embed-core-8.5.29.jar:8.5.29]
	at org.apache.catalina.core.ApplicationFilterChain.doFilter(ApplicationFilterChain.java:166) ~[tomcat-embed-core-8.5.29.jar:8.5.29]
	at org.springframework.web.filter.CharacterEncodingFilter.doFilterInternal(CharacterEncodingFilter.java:197) ~[spring-web-4.3.16.RELEASE.jar:4.3.16.RELEASE]
	at org.springframework.web.filter.OncePerRequestFilter.doFilter(OncePerRequestFilter.java:107) ~[spring-web-4.3.16.RELEASE.jar:4.3.16.RELEASE]
	at org.apache.catalina.core.ApplicationFilterChain.internalDoFilter(ApplicationFilterChain.java:193) ~[tomcat-embed-core-8.5.29.jar:8.5.29]
	at org.apache.catalina.core.ApplicationFilterChain.doFilter(ApplicationFilterChain.java:166) ~[tomcat-embed-core-8.5.29.jar:8.5.29]
	at org.apache.catalina.core.StandardWrapperValve.invoke(StandardWrapperValve.java:198) [tomcat-embed-core-8.5.29.jar:8.5.29]
	at org.apache.catalina.core.StandardContextValve.invoke(StandardContextValve.java:96) [tomcat-embed-core-8.5.29.jar:8.5.29]
	at org.apache.catalina.authenticator.AuthenticatorBase.invoke(AuthenticatorBase.java:496) [tomcat-embed-core-8.5.29.jar:8.5.29]
	at org.apache.catalina.core.StandardHostValve.invoke(StandardHostValve.java:140) [tomcat-embed-core-8.5.29.jar:8.5.29]
	at org.apache.catalina.valves.ErrorReportValve.invoke(ErrorReportValve.java:81) [tomcat-embed-core-8.5.29.jar:8.5.29]
	at org.apache.catalina.core.StandardEngineValve.invoke(StandardEngineValve.java:87) [tomcat-embed-core-8.5.29.jar:8.5.29]
	at org.apache.catalina.connector.CoyoteAdapter.service(CoyoteAdapter.java:342) [tomcat-embed-core-8.5.29.jar:8.5.29]
	at org.apache.coyote.http11.Http11Processor.service(Http11Processor.java:803) [tomcat-embed-core-8.5.29.jar:8.5.29]
	at org.apache.coyote.AbstractProcessorLight.process(AbstractProcessorLight.java:66) [tomcat-embed-core-8.5.29.jar:8.5.29]
	at org.apache.coyote.AbstractProtocol$ConnectionHandler.process(AbstractProtocol.java:790) [tomcat-embed-core-8.5.29.jar:8.5.29]
	at org.apache.tomcat.util.net.NioEndpoint$SocketProcessor.doRun(NioEndpoint.java:1459) [tomcat-embed-core-8.5.29.jar:8.5.29]
	at org.apache.tomcat.util.net.SocketProcessorBase.run(SocketProcessorBase.java:49) [tomcat-embed-core-8.5.29.jar:8.5.29]
	at java.util.concurrent.ThreadPoolExecutor.runWorker(ThreadPoolExecutor.java:1149) [?:1.8.0_144]
	at java.util.concurrent.ThreadPoolExecutor$Worker.run(ThreadPoolExecutor.java:624) [?:1.8.0_144]
	at org.apache.tomcat.util.threads.TaskThread$WrappingRunnable.run(TaskThread.java:61) [tomcat-embed-core-8.5.29.jar:8.5.29]
	at java.lang.Thread.run(Thread.java:748) [?:1.8.0_144]
